u_ahb_ram_genblk3_SRAMADDR[0] 2.16924
u_ahb_ram_genblk3_SRAMADDR[6] 2.16924
u_ahb_ram_genblk3_SRAMADDR[7] 2.16924
u_ahb_ram_genblk3_SRAMADDR[8] 2.16924
u_ahb_ram_genblk3_SRAMADDR[9] 2.16924
u_ahb_ram_genblk3_SRAMADDR[5] 2.16924
u_ahb_ram_genblk3_SRAMADDR[4] 2.16924
u_ahb_ram_genblk3_SRAMADDR[3] 2.16924
u_ahb_ram_genblk3_SRAMADDR[2] 2.16924
u_ahb_ram_genblk3_SRAMADDR[1] 2.16924
u_ahb_ram_genblk3_SRAMADDR[11] 2.16924
u_ahb_ram_genblk3_SRAMADDR[10] 2.16924
u_ahb_ram_genblk3_u_fpga_sram_sBRAM3_chip_select 2.06364
u_ahb_ram_genblk3_u_fpga_sram_sBRAM2_chip_select 2.02713
u_ahb_ram_genblk3_u_fpga_sram_n3 2.00196
u_ahb_ram_genblk3_u_fpga_sram_n2 2.00196
u_ahb_ram_genblk3_u_fpga_sram_sBRAM2_data_out[1] 1.3569
u_ahb_ram_genblk3_u_fpga_sram_sBRAM2_data_out[4] 1.3558
u_ahb_ram_genblk3_u_fpga_sram_sBRAM2_data_out[5] 1.3551
u_ahb_ram_genblk3_u_fpga_sram_sBRAM2_data_out[0] 1.3548
u_ahb_ram_genblk3_u_fpga_sram_sBRAM2_data_out[3] 1.3473
u_ahb_ram_genblk3_u_fpga_sram_sBRAM2_data_out[7] 1.34014
u_ahb_ram_genblk3_u_fpga_sram_sBRAM2_data_out[2] 1.33786
u_ahb_ram_genblk3_u_fpga_sram_sBRAM2_data_out[6] 1.33399
u_ahb_ram_genblk3_u_fpga_sram_sBRAM3_data_out[1] 1.32661
u_ahb_ram_genblk3_u_fpga_sram_sBRAM3_data_out[4] 1.32548
u_ahb_ram_genblk3_u_fpga_sram_sBRAM3_data_out[2] 1.3249
u_ahb_ram_genblk3_u_fpga_sram_sBRAM3_data_out[6] 1.32164
u_ahb_ram_genblk3_u_fpga_sram_sBRAM3_data_out[0] 1.32024
u_ahb_ram_genblk3_u_fpga_sram_sBRAM3_data_out[3] 1.32007
u_ahb_ram_genblk3_u_fpga_sram_sBRAM3_data_out[5] 1.31809
u_ahb_ram_genblk3_u_fpga_sram_sBRAM3_data_out[7] 1.31512
u_ahb_ram_genblk3_SRAMWDATA[24] 1.01831
u_ahb_ram_genblk3_SRAMWDATA[30] 1.01304
u_ahb_ram_genblk3_SRAMWDATA[28] 1.00767
u_ahb_ram_genblk3_SRAMWDATA[16] 1.00223
u_ahb_ram_genblk3_SRAMWDATA[25] 1.00215
u_ahb_ram_genblk3_SRAMWDATA[31] 1.00165
u_ahb_ram_genblk3_SRAMWDATA[29] 1.00098
u_ahb_ram_genblk3_SRAMWDATA[27] 0.99929
u_ahb_ram_genblk3_SRAMWDATA[26] 0.99882
u_ahb_ram_genblk3_SRAMWDATA[19] 0.99218
u_ahb_ram_genblk3_SRAMWDATA[18] 0.98566
u_ahb_ram_genblk3_SRAMWDATA[17] 0.98548
u_ahb_ram_genblk3_SRAMWDATA[22] 0.98244
u_ahb_ram_genblk3_SRAMWDATA[20] 0.98109
u_ahb_ram_genblk3_SRAMWDATA[23] 0.97171
u_ahb_ram_genblk3_SRAMWDATA[21] 0.9706
u_ahb_ram_genblk3_u_fpga_sram_sBRAM2__Logic1_ 0
u_ahb_ram_genblk3_u_fpga_sram_sBRAM3__Logic0_ 0
u_ahb_ram_genblk3_u_fpga_sram_sBRAM3__Logic1_ 0
u_ahb_ram_genblk3_u_fpga_sram_sBRAM2__Logic0_ 0
gated_hclk -1
