u_ahb_ram_genblk3_SRAMADDR[6] 1.73813
u_ahb_ram_genblk3_SRAMADDR[7] 1.71575
u_ahb_ram_genblk3_SRAMADDR[2] 1.70163
u_ahb_ram_genblk3_SRAMADDR[1] 1.66318
u_ahb_ram_genblk3_SRAMADDR[4] 1.60261
u_ahb_ram_genblk3_SRAMADDR[0] 1.58294
u_ahb_ram_genblk3_SRAMADDR[8] 1.57541
u_ahb_ram_genblk3_SRAMADDR[5] 1.56466
u_ahb_ram_genblk3_u_fpga_sram_n3 1.55576
u_ahb_ram_genblk3_u_fpga_sram_sBRAM3_chip_select 1.53183
u_ahb_ram_genblk3_u_fpga_sram_n2 1.52486
u_ahb_ram_genblk3_SRAMADDR[10] 1.50064
u_ahb_ram_genblk3_u_fpga_sram_sBRAM2_chip_select 1.47388
u_ahb_ram_genblk3_SRAMADDR[9] 1.45706
u_ahb_ram_genblk3_SRAMADDR[3] 1.41345
u_ahb_ram_genblk3_SRAMADDR[11] 1.41226
u_ahb_ram_genblk3_SRAMWDATA[28] 1.3128
u_ahb_ram_genblk3_SRAMWDATA[30] 1.22229
u_ahb_ram_genblk3_SRAMWDATA[25] 1.18974
u_ahb_ram_genblk3_SRAMWDATA[22] 1.11972
u_ahb_ram_genblk3_SRAMWDATA[29] 1.1177
u_ahb_ram_genblk3_SRAMWDATA[31] 1.10648
u_ahb_ram_genblk3_SRAMWDATA[19] 1.08573
u_ahb_ram_genblk3_SRAMWDATA[27] 1.0738
u_ahb_ram_genblk3_SRAMWDATA[20] 1.06996
u_ahb_ram_genblk3_SRAMWDATA[26] 1.06473
u_ahb_ram_genblk3_SRAMWDATA[23] 1.06008
u_ahb_ram_genblk3_SRAMWDATA[18] 1.05752
u_ahb_ram_genblk3_SRAMWDATA[24] 1.01494
u_ahb_ram_genblk3_SRAMWDATA[21] 1.01133
u_ahb_ram_genblk3_SRAMWDATA[17] 1.00889
u_ahb_ram_genblk3_SRAMWDATA[16] 1.00202
u_ahb_ram_genblk3_u_fpga_sram_sBRAM3_data_out[3] 0.899878
u_ahb_ram_genblk3_u_fpga_sram_sBRAM3_data_out[1] 0.897781
u_ahb_ram_genblk3_u_fpga_sram_sBRAM2_data_out[7] 0.894484
u_ahb_ram_genblk3_u_fpga_sram_sBRAM3_data_out[0] 0.893867
u_ahb_ram_genblk3_u_fpga_sram_sBRAM3_data_out[6] 0.893332
u_ahb_ram_genblk3_u_fpga_sram_sBRAM2_data_out[0] 0.890953
u_ahb_ram_genblk3_u_fpga_sram_sBRAM2_data_out[1] 0.89066
u_ahb_ram_genblk3_u_fpga_sram_sBRAM3_data_out[2] 0.890246
u_ahb_ram_genblk3_u_fpga_sram_sBRAM2_data_out[4] 0.885075
u_ahb_ram_genblk3_u_fpga_sram_sBRAM3_data_out[4] 0.885043
u_ahb_ram_genblk3_u_fpga_sram_sBRAM2_data_out[5] 0.884025
u_ahb_ram_genblk3_u_fpga_sram_sBRAM2_data_out[3] 0.882589
u_ahb_ram_genblk3_u_fpga_sram_sBRAM3_data_out[5] 0.882538
u_ahb_ram_genblk3_u_fpga_sram_sBRAM3_data_out[7] 0.879943
u_ahb_ram_genblk3_u_fpga_sram_sBRAM2_data_out[6] 0.879178
u_ahb_ram_genblk3_u_fpga_sram_sBRAM2_data_out[2] 0.879082
u_ahb_ram_genblk3_u_fpga_sram_sBRAM2__Logic1_ 0
u_ahb_ram_genblk3_u_fpga_sram_sBRAM3__Logic0_ 0
u_ahb_ram_genblk3_u_fpga_sram_sBRAM3__Logic1_ 0
u_ahb_ram_genblk3_u_fpga_sram_sBRAM2__Logic0_ 0
gated_hclk -1
