u_ahb_ram_genblk3_SRAMADDR[6] 1.73873
u_ahb_ram_genblk3_SRAMADDR[7] 1.71636
u_ahb_ram_genblk3_SRAMADDR[2] 1.70221
u_ahb_ram_genblk3_SRAMADDR[1] 1.6635
u_ahb_ram_genblk3_SRAMADDR[4] 1.60311
u_ahb_ram_genblk3_SRAMADDR[0] 1.58306
u_ahb_ram_genblk3_SRAMADDR[8] 1.57575
u_ahb_ram_genblk3_SRAMADDR[5] 1.5649
u_ahb_ram_genblk3_u_fpga_sram_n3 1.55576
u_ahb_ram_genblk3_u_fpga_sram_sBRAM3_chip_select 1.53183
u_ahb_ram_genblk3_u_fpga_sram_n2 1.52486
u_ahb_ram_genblk3_SRAMADDR[10] 1.50134
u_ahb_ram_genblk3_u_fpga_sram_sBRAM2_chip_select 1.47388
u_ahb_ram_genblk3_SRAMADDR[9] 1.45742
u_ahb_ram_genblk3_SRAMADDR[3] 1.4141
u_ahb_ram_genblk3_SRAMADDR[11] 1.41373
u_ahb_ram_genblk3_SRAMWDATA[28] 1.3128
u_ahb_ram_genblk3_SRAMWDATA[30] 1.22229
u_ahb_ram_genblk3_SRAMWDATA[25] 1.18974
u_ahb_ram_genblk3_SRAMWDATA[22] 1.11972
u_ahb_ram_genblk3_SRAMWDATA[29] 1.1177
u_ahb_ram_genblk3_SRAMWDATA[31] 1.10648
u_ahb_ram_genblk3_SRAMWDATA[19] 1.08573
u_ahb_ram_genblk3_SRAMWDATA[27] 1.0738
u_ahb_ram_genblk3_SRAMWDATA[20] 1.06996
u_ahb_ram_genblk3_SRAMWDATA[26] 1.06473
u_ahb_ram_genblk3_SRAMWDATA[23] 1.06008
u_ahb_ram_genblk3_SRAMWDATA[18] 1.05752
u_ahb_ram_genblk3_SRAMWDATA[24] 1.01494
u_ahb_ram_genblk3_SRAMWDATA[21] 1.01133
u_ahb_ram_genblk3_SRAMWDATA[17] 1.00889
u_ahb_ram_genblk3_SRAMWDATA[16] 1.00202
u_ahb_ram_genblk3_u_fpga_sram_sBRAM3_data_out[3] 0.899878
u_ahb_ram_genblk3_u_fpga_sram_sBRAM3_data_out[1] 0.897781
u_ahb_ram_genblk3_u_fpga_sram_sBRAM2_data_out[7] 0.894484
u_ahb_ram_genblk3_u_fpga_sram_sBRAM3_data_out[0] 0.893867
u_ahb_ram_genblk3_u_fpga_sram_sBRAM3_data_out[6] 0.893332
u_ahb_ram_genblk3_u_fpga_sram_sBRAM2_data_out[0] 0.890953
u_ahb_ram_genblk3_u_fpga_sram_sBRAM2_data_out[1] 0.89066
u_ahb_ram_genblk3_u_fpga_sram_sBRAM3_data_out[2] 0.890246
u_ahb_ram_genblk3_u_fpga_sram_sBRAM2_data_out[4] 0.885075
u_ahb_ram_genblk3_u_fpga_sram_sBRAM3_data_out[4] 0.885043
u_ahb_ram_genblk3_u_fpga_sram_sBRAM2_data_out[5] 0.884025
u_ahb_ram_genblk3_u_fpga_sram_sBRAM2_data_out[3] 0.882589
u_ahb_ram_genblk3_u_fpga_sram_sBRAM3_data_out[5] 0.882538
u_ahb_ram_genblk3_u_fpga_sram_sBRAM3_data_out[7] 0.879943
u_ahb_ram_genblk3_u_fpga_sram_sBRAM2_data_out[6] 0.879178
u_ahb_ram_genblk3_u_fpga_sram_sBRAM2_data_out[2] 0.879082
P1[1] 0.430184
P1[3] 0.411634
P0[14] 0.401517
P1[5] 0.400736
P0[8] 0.399542
P0[15] 0.392438
P0[9] 0.390122
P1[11] 0.389138
P0[11] 0.383853
P1[12] 0.381264
P0[4] 0.380799
P0[13] 0.380729
P0[2] 0.380102
P1[0] 0.379696
P0[1] 0.379494
P1[7] 0.379425
P1[10] 0.377885
P1[8] 0.377098
P0[5] 0.376644
P0[12] 0.376302
P1[13] 0.372657
P0[3] 0.370947
P1[15] 0.369542
P0[7] 0.367842
P1[9] 0.365706
P1[2] 0.364862
P0[6] 0.364754
P1[14] 0.364501
P0[0] 0.356122
P0[10] 0.35199
P1[6] 0.350017
P1[4] 0.342904
SWCLKTCK 0
NRST 0
SWDIOTMS 0
XTAL1 -1
gated_hclk -1
