u_ahb_ram_genblk3_SRAMADDR[6] -0.725603
u_ahb_ram_genblk3_SRAMADDR[7] -0.711407
u_ahb_ram_genblk3_SRAMADDR[2] -0.75479
u_ahb_ram_genblk3_SRAMADDR[1] -0.812833
u_ahb_ram_genblk3_SRAMADDR[4] -0.716439
u_ahb_ram_genblk3_SRAMADDR[0] -0.814833
u_ahb_ram_genblk3_SRAMADDR[8] -0.907464
u_ahb_ram_genblk3_SRAMADDR[5] -0.937111
u_ahb_ram_genblk3_u_fpga_sram_n3 -0.862315
u_ahb_ram_genblk3_u_fpga_sram_sBRAM3_chip_select -1.04487
u_ahb_ram_genblk3_u_fpga_sram_n2 -0.869137
u_ahb_ram_genblk3_SRAMADDR[10] -0.997283
u_ahb_ram_genblk3_u_fpga_sram_sBRAM2_chip_select -1.11238
u_ahb_ram_genblk3_SRAMADDR[9] -0.995949
u_ahb_ram_genblk3_SRAMADDR[3] -1.05055
u_ahb_ram_genblk3_SRAMADDR[11] -0.905061
u_ahb_ram_genblk3_SRAMWDATA[28] -1.04253
u_ahb_ram_genblk3_SRAMWDATA[30] -1.16318
u_ahb_ram_genblk3_SRAMWDATA[25] -1.14712
u_ahb_ram_genblk3_SRAMWDATA[22] -1.23152
u_ahb_ram_genblk3_SRAMWDATA[29] -1.2764
u_ahb_ram_genblk3_SRAMWDATA[31] -1.28986
u_ahb_ram_genblk3_SRAMWDATA[19] -1.29093
u_ahb_ram_genblk3_SRAMWDATA[27] -1.29169
u_ahb_ram_genblk3_SRAMWDATA[20] -1.28623
u_ahb_ram_genblk3_SRAMWDATA[26] -1.30213
u_ahb_ram_genblk3_SRAMWDATA[23] -1.26595
u_ahb_ram_genblk3_SRAMWDATA[18] -1.53633
u_ahb_ram_genblk3_SRAMWDATA[24] -1.59903
u_ahb_ram_genblk3_SRAMWDATA[21] -1.32763
u_ahb_ram_genblk3_SRAMWDATA[17] -1.36626
u_ahb_ram_genblk3_SRAMWDATA[16] -1.37751
u_ahb_ram_genblk3_u_fpga_sram_sBRAM3_data_out[3] -1.30579
u_ahb_ram_genblk3_u_fpga_sram_sBRAM3_data_out[1] -1.31287
u_ahb_ram_genblk3_u_fpga_sram_sBRAM2_data_out[7] -1.29259
u_ahb_ram_genblk3_u_fpga_sram_sBRAM3_data_out[0] -1.31134
u_ahb_ram_genblk3_u_fpga_sram_sBRAM3_data_out[6] -1.32872
u_ahb_ram_genblk3_u_fpga_sram_sBRAM2_data_out[0] -1.32733
u_ahb_ram_genblk3_u_fpga_sram_sBRAM2_data_out[1] -1.31722
u_ahb_ram_genblk3_u_fpga_sram_sBRAM3_data_out[2] -1.31452
u_ahb_ram_genblk3_u_fpga_sram_sBRAM2_data_out[4] -1.33299
u_ahb_ram_genblk3_u_fpga_sram_sBRAM3_data_out[4] -1.27932
u_ahb_ram_genblk3_u_fpga_sram_sBRAM2_data_out[5] -1.32572
u_ahb_ram_genblk3_u_fpga_sram_sBRAM2_data_out[3] -1.33614
u_ahb_ram_genblk3_u_fpga_sram_sBRAM3_data_out[5] -1.33974
u_ahb_ram_genblk3_u_fpga_sram_sBRAM3_data_out[7] -1.34444
u_ahb_ram_genblk3_u_fpga_sram_sBRAM2_data_out[6] -1.33769
u_ahb_ram_genblk3_u_fpga_sram_sBRAM2_data_out[2] -1.30246
P1[1] -2.06982
P1[3] -2.08837
P0[14] -2.09848
P1[5] -2.09926
P0[8] -2.10046
P0[15] -2.10756
P0[9] -2.10988
P1[11] -2.11086
P0[11] -2.11615
P1[12] -2.11874
P0[4] -2.1192
P0[13] -2.11927
P0[2] -2.1199
P1[0] -2.1203
P0[1] -2.12051
P1[7] -2.12057
P1[10] -2.12211
P1[8] -2.1229
P0[5] -2.12336
P0[12] -2.1237
P1[13] -2.12734
P0[3] -2.12905
P1[15] -2.13046
P0[7] -2.13216
P1[9] -2.13429
P1[2] -2.13514
P0[6] -2.13525
P1[14] -2.1355
P0[0] -2.14388
P0[10] -2.14801
P1[6] -2.14998
P1[4] -2.1571
SWCLKTCK -2.5
NRST -2.5
SWDIOTMS -2.5
XTAL1 -3.5
gated_hclk -3.5
