u_ahb_ram_genblk3_SRAMADDR[6] 0.0356682
u_ahb_ram_genblk3_SRAMADDR[7] 0.0722327
u_ahb_ram_genblk3_SRAMADDR[2] 0.042995
u_ahb_ram_genblk3_SRAMADDR[1] 0.0236693
u_ahb_ram_genblk3_SRAMADDR[4] 0.180449
u_ahb_ram_genblk3_SRAMADDR[0] 0.102108
u_ahb_ram_genblk3_SRAMADDR[8] 0.0167855
u_ahb_ram_genblk3_SRAMADDR[5] -0.00200925
u_ahb_ram_genblk3_u_fpga_sram_n3 0.0819227
u_ahb_ram_genblk3_u_fpga_sram_sBRAM3_chip_select -0.0767015
u_ahb_ram_genblk3_u_fpga_sram_n2 0.106004
u_ahb_ram_genblk3_SRAMADDR[10] 0.001375
u_ahb_ram_genblk3_u_fpga_sram_sBRAM2_chip_select -0.0862526
u_ahb_ram_genblk3_SRAMADDR[9] 0.0466295
u_ahb_ram_genblk3_SRAMADDR[3] 0.0353547
u_ahb_ram_genblk3_SRAMADDR[11] 0.181211
u_ahb_ram_genblk3_SRAMWDATA[28] 0.144663
u_ahb_ram_genblk3_SRAMWDATA[30] 0.114527
u_ahb_ram_genblk3_SRAMWDATA[25] 0.163138
u_ahb_ram_genblk3_SRAMWDATA[22] 0.148767
u_ahb_ram_genblk3_SRAMWDATA[29] 0.105903
u_ahb_ram_genblk3_SRAMWDATA[31] 0.103657
u_ahb_ram_genblk3_SRAMWDATA[19] 0.123346
u_ahb_ram_genblk3_SRAMWDATA[27] 0.134515
u_ahb_ram_genblk3_SRAMWDATA[20] 0.143816
u_ahb_ram_genblk3_SRAMWDATA[26] 0.133149
u_ahb_ram_genblk3_SRAMWDATA[23] 0.17397
u_ahb_ram_genblk3_SRAMWDATA[18] -0.0938487
u_ahb_ram_genblk3_SRAMWDATA[24] -0.113968
u_ahb_ram_genblk3_SRAMWDATA[21] 0.161035
u_ahb_ram_genblk3_SRAMWDATA[17] 0.124848
u_ahb_ram_genblk3_SRAMWDATA[16] 0.120471
u_ahb_ram_genblk3_u_fpga_sram_sBRAM3_data_out[3] 0.294328
u_ahb_ram_genblk3_u_fpga_sram_sBRAM3_data_out[1] 0.289351
u_ahb_ram_genblk3_u_fpga_sram_sBRAM2_data_out[7] 0.312927
u_ahb_ram_genblk3_u_fpga_sram_sBRAM3_data_out[0] 0.294793
u_ahb_ram_genblk3_u_fpga_sram_sBRAM3_data_out[6] 0.277945
u_ahb_ram_genblk3_u_fpga_sram_sBRAM2_data_out[0] 0.281715
u_ahb_ram_genblk3_u_fpga_sram_sBRAM2_data_out[1] 0.292121
u_ahb_ram_genblk3_u_fpga_sram_sBRAM3_data_out[2] 0.295234
u_ahb_ram_genblk3_u_fpga_sram_sBRAM2_data_out[4] 0.281932
u_ahb_ram_genblk3_u_fpga_sram_sBRAM3_data_out[4] 0.335635
u_ahb_ram_genblk3_u_fpga_sram_sBRAM2_data_out[5] 0.290254
u_ahb_ram_genblk3_u_fpga_sram_sBRAM2_data_out[3] 0.281273
u_ahb_ram_genblk3_u_fpga_sram_sBRAM3_data_out[5] 0.277724
u_ahb_ram_genblk3_u_fpga_sram_sBRAM3_data_out[7] 0.275615
u_ahb_ram_genblk3_u_fpga_sram_sBRAM2_data_out[6] 0.283133
u_ahb_ram_genblk3_u_fpga_sram_sBRAM2_data_out[2] 0.318453
P1[1] 0
P1[3] 0
P0[14] 0
P1[5] 0
P0[8] 0
P0[15] 0
P0[9] 0
P1[11] 0
P0[11] 0
P1[12] 0
P0[4] 0
P0[13] 0
P0[2] 0
P1[0] 0
P0[1] 0
P1[7] 0
P1[10] 0
P1[8] 0
P0[5] 0
P0[12] 0
P1[13] 0
P0[3] 0
P1[15] 0
P0[7] 0
P1[9] 0
P1[2] 0
P0[6] 0
P1[14] 0
P0[0] 0
P0[10] 0
P1[6] 0
P1[4] 0
SWCLKTCK 0
NRST 0
SWDIOTMS 0
XTAL1 0
gated_hclk 0
